<?xml version="1.0"?><coverage lines-covered="63" lines-valid="175" line-rate="0.36" branches-covered="0" branches-valid="0" branch-rate="0" complexity="0" version="1.9" timestamp="1765971683"><sources><source>/Users/samuel/Documents/freelance/dot_escrow/contracts</source></sources><packages><package name="escrow/src" line-rate="0.36" branch-rate="0" complexity="0"><classes><class name="lib" filename="escrow/src/lib.rs" line-rate="0.36" branch-rate="0" complexity="0"><methods/><lines><line number="85" hits="0"/><line number="86" hits="0"/><line number="87" hits="0"/><line number="88" hits="0"/><line number="89" hits="0"/><line number="401" hits="0"/><line number="402" hits="0"/><line number="403" hits="0"/><line number="404" hits="0"/><line number="405" hits="0"/><line number="452" hits="53"/><line number="453" hits="212"/><line number="456" hits="208"/><line number="458" hits="2"/><line number="459" hits="1"/><line number="462" hits="2"/><line number="463" hits="1"/><line number="464" hits="10"/><line number="465" hits="10"/><line number="467" hits="1"/><line number="468" hits="55"/><line number="470" hits="51"/><line number="471" hits="102"/><line number="472" hits="102"/><line number="473" hits="102"/><line number="474" hits="102"/><line number="475" hits="102"/><line number="476" hits="102"/><line number="477" hits="102"/><line number="478" hits="102"/><line number="479" hits="51"/><line number="480" hits="51"/><line number="547" hits="0"/><line number="613" hits="0"/><line number="649" hits="0"/><line number="708" hits="0"/><line number="759" hits="0"/><line number="774" hits="0"/><line number="859" hits="0"/><line number="907" hits="0"/><line number="988" hits="6"/><line number="989" hits="6"/><line number="990" hits="6"/><line number="991" hits="6"/><line number="992" hits="6"/><line number="993" hits="6"/><line number="994" hits="6"/><line number="995" hits="11"/><line number="996" hits="1"/><line number="997" hits="1"/><line number="1002" hits="53"/><line number="1003" hits="53"/><line number="1004" hits="105"/><line number="1005" hits="1"/><line number="1006" hits="1"/><line number="1007" hits="1"/><line number="1008" hits="1"/><line number="1009" hits="1"/><line number="1010" hits="1"/><line number="1011" hits="1"/><line number="1016" hits="3"/><line number="1017" hits="9"/><line number="1018" hits="6"/><line number="1019" hits="0"/><line number="1022" hits="15"/><line number="1023" hits="3"/><line number="1024" hits="0"/><line number="1027" hits="6"/><line number="1028" hits="9"/><line number="1030" hits="24"/><line number="1031" hits="0"/><line number="1033" hits="18"/><line number="1034" hits="0"/><line number="1037" hits="6"/><line number="1038" hits="9"/><line number="1039" hits="8"/><line number="1040" hits="12"/><line number="1041" hits="4"/><line number="1042" hits="0"/><line number="1045" hits="6"/><line number="1046" hits="0"/><line number="1048" hits="6"/><line number="1051" hits="6"/><line number="1052" hits="9"/><line number="1053" hits="1"/><line number="1055" hits="2"/><line number="1058" hits="9"/><line number="1062" hits="0"/><line number="1066" hits="0"/><line number="1068" hits="0"/><line number="1069" hits="0"/><line number="1072" hits="0"/><line number="1073" hits="0"/><line number="1075" hits="0"/><line number="1077" hits="0"/><line number="1078" hits="0"/><line number="1079" hits="0"/><line number="1081" hits="0"/><line number="1083" hits="0"/><line number="1085" hits="0"/><line number="1086" hits="0"/><line number="1087" hits="0"/><line number="1088" hits="0"/><line number="1089" hits="0"/><line number="1092" hits="0"/><line number="1095" hits="0"/><line number="1282" hits="0"/><line number="1287" hits="0"/><line number="1288" hits="0"/><line number="1291" hits="0"/><line number="1292" hits="0"/><line number="1293" hits="0"/><line number="1294" hits="0"/><line number="1296" hits="0"/><line number="1298" hits="0"/><line number="1299" hits="0"/><line number="1301" hits="0"/><line number="1302" hits="0"/><line number="1304" hits="0"/><line number="1305" hits="0"/><line number="1306" hits="0"/><line number="1307" hits="0"/><line number="1308" hits="0"/><line number="1309" hits="0"/><line number="1313" hits="0"/><line number="1314" hits="0"/><line number="1315" hits="0"/><line number="1317" hits="0"/><line number="1319" hits="0"/><line number="1320" hits="0"/><line number="1321" hits="0"/><line number="1322" hits="0"/><line number="1325" hits="0"/><line number="1326" hits="0"/><line number="1329" hits="0"/><line number="1330" hits="0"/><line number="1331" hits="0"/><line number="1333" hits="0"/><line number="1334" hits="0"/><line number="1335" hits="0"/><line number="1336" hits="0"/><line number="1337" hits="0"/><line number="1338" hits="0"/><line number="1341" hits="0"/><line number="1342" hits="0"/><line number="1344" hits="0"/><line number="1345" hits="0"/><line number="1347" hits="0"/><line number="1348" hits="0"/><line number="1349" hits="0"/><line number="1350" hits="0"/><line number="1351" hits="0"/><line number="1353" hits="0"/><line number="1357" hits="0"/><line number="1358" hits="0"/><line number="1359" hits="0"/><line number="1361" hits="0"/><line number="1362" hits="0"/><line number="1363" hits="0"/><line number="1364" hits="0"/><line number="1367" hits="0"/><line number="1396" hits="0"/><line number="1399" hits="0"/><line number="1400" hits="0"/><line number="1402" hits="0"/><line number="1403" hits="0"/><line number="1409" hits="0"/><line number="1418" hits="0"/><line number="1419" hits="0"/><line number="1421" hits="0"/><line number="1422" hits="0"/><line number="1423" hits="0"/><line number="1424" hits="0"/><line number="1433" hits="0"/><line number="1434" hits="0"/></lines></class></classes></package><package name="escrow" line-rate="0.36" branch-rate="0" complexity="0"><classes></classes></package><package name="lib/src" line-rate="0" branch-rate="0" complexity="0"><classes></classes></package><package name="psp22_token" line-rate="0" branch-rate="0" complexity="0"><classes></classes></package></packages></coverage>